==========hjcho on Linux===================================
==========compilation=============================
make: Nothing to be done for 'default'.
==========testing=================================
==========server outputs===================
==========stdout==========
timer: testing  ../multisrv in testdir on Linux ---------------
==========stderr==========
server using port 43807
timer: received Interrupt
timer: interrupted
timer: user 8739 ms system 1497 ms 
timer: messages sent: 0 received: 0
timer: max resident set: 1572 page faults: major 0 minor: 107
==========driver outputs===================
driver: (version 2) concurrency = 19; iterations = 10000
  0: completed 10000 iterations: connection wait time    0 ms, real time  180 ms, CPU time  100 ms
  1: completed 10000 iterations: connection wait time    0 ms, real time  180 ms, CPU time  120 ms
  2: completed 10000 iterations: connection wait time    0 ms, real time  180 ms, CPU time  120 ms
  3: completed 10000 iterations: connection wait time    0 ms, real time  180 ms, CPU time  110 ms
  4: completed 10000 iterations: connection wait time    0 ms, real time  180 ms, CPU time  110 ms
  5: completed 10000 iterations: connection wait time    0 ms, real time  180 ms, CPU time  110 ms
  6: completed 10000 iterations: connection wait time    0 ms, real time  180 ms, CPU time  120 ms
  7: completed 10000 iterations: connection wait time    0 ms, real time  180 ms, CPU time  130 ms
  8: completed 10000 iterations: connection wait time    0 ms, real time  180 ms, CPU time  120 ms
  9: completed 10000 iterations: connection wait time    0 ms, real time  180 ms, CPU time  110 ms
 10: completed 10000 iterations: connection wait time    0 ms, real time  190 ms, CPU time  110 ms
 11: completed 10000 iterations: connection wait time    0 ms, real time  180 ms, CPU time  120 ms
 12: completed 10000 iterations: connection wait time    0 ms, real time  340 ms, CPU time  120 ms
 13: completed 10000 iterations: connection wait time    0 ms, real time  340 ms, CPU time  110 ms
 14: completed 10000 iterations: connection wait time    0 ms, real time  340 ms, CPU time  120 ms
 15: completed 10000 iterations: connection wait time    0 ms, real time  340 ms, CPU time  120 ms
 16: completed 10000 iterations: connection wait time    0 ms, real time  350 ms, CPU time  120 ms
 17: completed 10000 iterations: connection wait time    0 ms, real time  350 ms, CPU time  110 ms
 18: completed 10000 iterations: connection wait time    0 ms, real time  350 ms, CPU time  110 ms
==========done====================================
